<?xml version="1.0" encoding="utf-8"?>
<TestRun id="da618e06-6c14-4b8e-a0fd-0af540b8315d" name="mistucke@MININT-IE30562 2019-07-10 08:38:10" runUser="REDMOND\mistucke" xmlns="http://microsoft.com/schemas/VisualStudio/TeamTest/2010">
  <Times creation="2019-07-10T08:38:10.4555443-07:00" queuing="2019-07-10T08:38:10.4555458-07:00" start="2019-07-10T08:38:09.4672547-07:00" finish="2019-07-10T08:38:10.4770430-07:00" />
  <TestSettings name="default" id="1ff9662c-28bd-4b5a-9cfb-e7fb42307176">
    <Deployment runDeploymentRoot="mistucke_MININT-IE30562_2019-07-10_08_38_10" />
  </TestSettings>
  <Results>
    <UnitTestResult executionId="baab7038-2518-4b40-8c47-e1e7c6d77605" testId="602ff4e7-a4aa-49de-b056-5020176e5301" testName="tests.UnitTest2.ExpectedSuccessTheoryTest(i: 14)" computerName="MININT-IE30562" duration="00:00:00.0000026" startTime="2019-07-10T08:38:10.3180110-07:00" endTime="2019-07-10T08:38:10.3180111-07:00" testType="13cdc9d9-ddb5-4fa4-a97d-d965ccfc6d4b" outcome="Passed" testListId="8c84fa94-04c1-424b-9868-57a2d4851a1d" relativeResultsDirectory="baab7038-2518-4b40-8c47-e1e7c6d77605" />
    <UnitTestResult executionId="6f21d3f2-5a31-4f6b-8385-f07159f61849" testId="8479960f-435f-df74-854a-c8896383c28c" testName="tests.UnitTest2.ExpectedFailureTheoryTest(i: 2)" computerName="MININT-IE30562" duration="00:00:00.0000031" startTime="2019-07-10T08:38:10.3333737-07:00" endTime="2019-07-10T08:38:10.3333738-07:00" testType="13cdc9d9-ddb5-4fa4-a97d-d965ccfc6d4b" outcome="Passed" testListId="8c84fa94-04c1-424b-9868-57a2d4851a1d" relativeResultsDirectory="6f21d3f2-5a31-4f6b-8385-f07159f61849" />
    <UnitTestResult executionId="62da973f-32f0-4e04-9cbf-e8b34acdca75" testId="a84ba111-810a-c540-1b74-3c6b8df7065a" testName="tests.UnitTest2.ExpectedFailureTheoryTest(i: 1)" computerName="MININT-IE30562" duration="00:00:00.0018654" startTime="2019-07-10T08:38:10.3331827-07:00" endTime="2019-07-10T08:38:10.3331846-07:00" testType="13cdc9d9-ddb5-4fa4-a97d-d965ccfc6d4b" outcome="Failed" testListId="8c84fa94-04c1-424b-9868-57a2d4851a1d" relativeResultsDirectory="62da973f-32f0-4e04-9cbf-e8b34acdca75">
      <Output>
        <ErrorInfo>
          <Message>Assert.True() Failure&#xD;
Expected: True&#xD;
Actual:   False</Message>
          <StackTrace>   at tests.UnitTest2.ExpectedFailureTheoryTest(Int32 i) in C:\Users\mistucke\projects\test-xunit\UnitTest1.cs:line 16</StackTrace>
        </ErrorInfo>
      </Output>
    </UnitTestResult>
    <UnitTestResult executionId="1f2200db-7e33-4fbb-a2ab-a033fb5962a0" testId="969b5846-702e-9e4a-8477-3ea2da4790f5" testName="tests.UnitTest2.ExpectedSuccessTheoryTest(i: 12)" computerName="MININT-IE30562" duration="00:00:00.0000157" startTime="2019-07-10T08:38:10.3179105-07:00" endTime="2019-07-10T08:38:10.3179111-07:00" testType="13cdc9d9-ddb5-4fa4-a97d-d965ccfc6d4b" outcome="Passed" testListId="8c84fa94-04c1-424b-9868-57a2d4851a1d" relativeResultsDirectory="1f2200db-7e33-4fbb-a2ab-a033fb5962a0" />
    <UnitTestResult executionId="20147acf-fcdb-4305-8b64-3cc23408b758" testId="d8b3f65a-c217-f23b-e121-ca37be2f7dbc" testName="tests.UnitTest2.ExpectedSuccessTheoryTest(i: 16)" computerName="MININT-IE30562" duration="00:00:00.0019726" startTime="2019-07-10T08:38:10.3147231-07:00" endTime="2019-07-10T08:38:10.3147757-07:00" testType="13cdc9d9-ddb5-4fa4-a97d-d965ccfc6d4b" outcome="Passed" testListId="8c84fa94-04c1-424b-9868-57a2d4851a1d" relativeResultsDirectory="20147acf-fcdb-4305-8b64-3cc23408b758" />
    <UnitTestResult executionId="f50b3b1f-a31e-4362-acb6-8919f7f3501c" testId="4bab79b4-f5e5-86b6-02d9-7d89b11e7bbc" testName="tests.UnitTest2.ExpectedFailureTheoryTest(i: 3)" computerName="MININT-IE30562" duration="00:00:00.0003526" startTime="2019-07-10T08:38:10.3337110-07:00" endTime="2019-07-10T08:38:10.3337117-07:00" testType="13cdc9d9-ddb5-4fa4-a97d-d965ccfc6d4b" outcome="Failed" testListId="8c84fa94-04c1-424b-9868-57a2d4851a1d" relativeResultsDirectory="f50b3b1f-a31e-4362-acb6-8919f7f3501c">
      <Output>
        <ErrorInfo>
          <Message>Assert.True() Failure&#xD;
Expected: True&#xD;
Actual:   False</Message>
          <StackTrace>   at tests.UnitTest2.ExpectedFailureTheoryTest(Int32 i) in C:\Users\mistucke\projects\test-xunit\UnitTest1.cs:line 16</StackTrace>
        </ErrorInfo>
      </Output>
    </UnitTestResult>
    <UnitTestResult executionId="1dd465a4-0d68-4acd-82fb-23e5b1a44795" testId="b4cb7ccb-eeec-d5aa-4d62-538f14f3077f" testName="tests.UnitTest2.ExpectedFailureTheoryTest(i: 4)" computerName="MININT-IE30562" duration="00:00:00.0000180" startTime="2019-07-10T08:38:10.3333431-07:00" endTime="2019-07-10T08:38:10.3333433-07:00" testType="13cdc9d9-ddb5-4fa4-a97d-d965ccfc6d4b" outcome="Passed" testListId="8c84fa94-04c1-424b-9868-57a2d4851a1d" relativeResultsDirectory="1dd465a4-0d68-4acd-82fb-23e5b1a44795" />
    <UnitTestResult executionId="da74bea9-a711-4e96-9899-80ac48f9c9df" testId="4b167d40-e69c-a3df-d95b-a62c8ebce3e3" testName="tests.UnitTest2.ExpectedSuccessTheoryTest(i: 10)" computerName="MININT-IE30562" duration="00:00:00.0000036" startTime="2019-07-10T08:38:10.3179783-07:00" endTime="2019-07-10T08:38:10.3179785-07:00" testType="13cdc9d9-ddb5-4fa4-a97d-d965ccfc6d4b" outcome="Passed" testListId="8c84fa94-04c1-424b-9868-57a2d4851a1d" relativeResultsDirectory="da74bea9-a711-4e96-9899-80ac48f9c9df" />
  </Results>
  <TestDefinitions>
    <UnitTest name="tests.UnitTest2.ExpectedFailureTheoryTest(i: 4)" storage="c:\users\mistucke\projects\test-xunit\bin\debug\netcoreapp3.0\test-xunit.dll" id="b4cb7ccb-eeec-d5aa-4d62-538f14f3077f">
      <Execution id="1dd465a4-0d68-4acd-82fb-23e5b1a44795" />
      <TestMethod codeBase="C:\Users\mistucke\projects\test-xunit\bin\Debug\netcoreapp3.0\test-xunit.dll" adapterTypeName="executor://xunit/VsTestRunner2/netcoreapp" className="tests.UnitTest2" name="tests.UnitTest2.ExpectedFailureTheoryTest(i: 4)" />
    </UnitTest>
    <UnitTest name="tests.UnitTest2.ExpectedFailureTheoryTest(i: 2)" storage="c:\users\mistucke\projects\test-xunit\bin\debug\netcoreapp3.0\test-xunit.dll" id="8479960f-435f-df74-854a-c8896383c28c">
      <Execution id="6f21d3f2-5a31-4f6b-8385-f07159f61849" />
      <TestMethod codeBase="C:\Users\mistucke\projects\test-xunit\bin\Debug\netcoreapp3.0\test-xunit.dll" adapterTypeName="executor://xunit/VsTestRunner2/netcoreapp" className="tests.UnitTest2" name="tests.UnitTest2.ExpectedFailureTheoryTest(i: 2)" />
    </UnitTest>
    <UnitTest name="tests.UnitTest2.ExpectedSuccessTheoryTest(i: 14)" storage="c:\users\mistucke\projects\test-xunit\bin\debug\netcoreapp3.0\test-xunit.dll" id="602ff4e7-a4aa-49de-b056-5020176e5301">
      <Execution id="baab7038-2518-4b40-8c47-e1e7c6d77605" />
      <TestMethod codeBase="C:\Users\mistucke\projects\test-xunit\bin\Debug\netcoreapp3.0\test-xunit.dll" adapterTypeName="executor://xunit/VsTestRunner2/netcoreapp" className="tests.UnitTest2" name="tests.UnitTest2.ExpectedSuccessTheoryTest(i: 14)" />
    </UnitTest>
    <UnitTest name="tests.UnitTest2.ExpectedSuccessTheoryTest(i: 12)" storage="c:\users\mistucke\projects\test-xunit\bin\debug\netcoreapp3.0\test-xunit.dll" id="969b5846-702e-9e4a-8477-3ea2da4790f5">
      <Execution id="1f2200db-7e33-4fbb-a2ab-a033fb5962a0" />
      <TestMethod codeBase="C:\Users\mistucke\projects\test-xunit\bin\Debug\netcoreapp3.0\test-xunit.dll" adapterTypeName="executor://xunit/VsTestRunner2/netcoreapp" className="tests.UnitTest2" name="tests.UnitTest2.ExpectedSuccessTheoryTest(i: 12)" />
    </UnitTest>
    <UnitTest name="tests.UnitTest2.ExpectedFailureTheoryTest(i: 1)" storage="c:\users\mistucke\projects\test-xunit\bin\debug\netcoreapp3.0\test-xunit.dll" id="a84ba111-810a-c540-1b74-3c6b8df7065a">
      <Execution id="62da973f-32f0-4e04-9cbf-e8b34acdca75" />
      <TestMethod codeBase="C:\Users\mistucke\projects\test-xunit\bin\Debug\netcoreapp3.0\test-xunit.dll" adapterTypeName="executor://xunit/VsTestRunner2/netcoreapp" className="tests.UnitTest2" name="tests.UnitTest2.ExpectedFailureTheoryTest(i: 1)" />
    </UnitTest>
    <UnitTest name="tests.UnitTest2.ExpectedFailureTheoryTest(i: 3)" storage="c:\users\mistucke\projects\test-xunit\bin\debug\netcoreapp3.0\test-xunit.dll" id="4bab79b4-f5e5-86b6-02d9-7d89b11e7bbc">
      <Execution id="f50b3b1f-a31e-4362-acb6-8919f7f3501c" />
      <TestMethod codeBase="C:\Users\mistucke\projects\test-xunit\bin\Debug\netcoreapp3.0\test-xunit.dll" adapterTypeName="executor://xunit/VsTestRunner2/netcoreapp" className="tests.UnitTest2" name="tests.UnitTest2.ExpectedFailureTheoryTest(i: 3)" />
    </UnitTest>
    <UnitTest name="tests.UnitTest2.ExpectedSuccessTheoryTest(i: 10)" storage="c:\users\mistucke\projects\test-xunit\bin\debug\netcoreapp3.0\test-xunit.dll" id="4b167d40-e69c-a3df-d95b-a62c8ebce3e3">
      <Execution id="da74bea9-a711-4e96-9899-80ac48f9c9df" />
      <TestMethod codeBase="C:\Users\mistucke\projects\test-xunit\bin\Debug\netcoreapp3.0\test-xunit.dll" adapterTypeName="executor://xunit/VsTestRunner2/netcoreapp" className="tests.UnitTest2" name="tests.UnitTest2.ExpectedSuccessTheoryTest(i: 10)" />
    </UnitTest>
    <UnitTest name="tests.UnitTest2.ExpectedSuccessTheoryTest(i: 16)" storage="c:\users\mistucke\projects\test-xunit\bin\debug\netcoreapp3.0\test-xunit.dll" id="d8b3f65a-c217-f23b-e121-ca37be2f7dbc">
      <Execution id="20147acf-fcdb-4305-8b64-3cc23408b758" />
      <TestMethod codeBase="C:\Users\mistucke\projects\test-xunit\bin\Debug\netcoreapp3.0\test-xunit.dll" adapterTypeName="executor://xunit/VsTestRunner2/netcoreapp" className="tests.UnitTest2" name="tests.UnitTest2.ExpectedSuccessTheoryTest(i: 16)" />
    </UnitTest>
  </TestDefinitions>
  <TestEntries>
    <TestEntry testId="602ff4e7-a4aa-49de-b056-5020176e5301" executionId="baab7038-2518-4b40-8c47-e1e7c6d77605" testListId="8c84fa94-04c1-424b-9868-57a2d4851a1d" />
    <TestEntry testId="8479960f-435f-df74-854a-c8896383c28c" executionId="6f21d3f2-5a31-4f6b-8385-f07159f61849" testListId="8c84fa94-04c1-424b-9868-57a2d4851a1d" />
    <TestEntry testId="a84ba111-810a-c540-1b74-3c6b8df7065a" executionId="62da973f-32f0-4e04-9cbf-e8b34acdca75" testListId="8c84fa94-04c1-424b-9868-57a2d4851a1d" />
    <TestEntry testId="969b5846-702e-9e4a-8477-3ea2da4790f5" executionId="1f2200db-7e33-4fbb-a2ab-a033fb5962a0" testListId="8c84fa94-04c1-424b-9868-57a2d4851a1d" />
    <TestEntry testId="d8b3f65a-c217-f23b-e121-ca37be2f7dbc" executionId="20147acf-fcdb-4305-8b64-3cc23408b758" testListId="8c84fa94-04c1-424b-9868-57a2d4851a1d" />
    <TestEntry testId="4bab79b4-f5e5-86b6-02d9-7d89b11e7bbc" executionId="f50b3b1f-a31e-4362-acb6-8919f7f3501c" testListId="8c84fa94-04c1-424b-9868-57a2d4851a1d" />
    <TestEntry testId="b4cb7ccb-eeec-d5aa-4d62-538f14f3077f" executionId="1dd465a4-0d68-4acd-82fb-23e5b1a44795" testListId="8c84fa94-04c1-424b-9868-57a2d4851a1d" />
    <TestEntry testId="4b167d40-e69c-a3df-d95b-a62c8ebce3e3" executionId="da74bea9-a711-4e96-9899-80ac48f9c9df" testListId="8c84fa94-04c1-424b-9868-57a2d4851a1d" />
  </TestEntries>
  <TestLists>
    <TestList name="Results Not in a List" id="8c84fa94-04c1-424b-9868-57a2d4851a1d" />
    <TestList name="All Loaded Results" id="19431567-8539-422a-85d7-44ee4e166bda" />
  </TestLists>
  <ResultSummary outcome="Failed">
    <Counters total="8" executed="8" passed="6" failed="2" error="0" timeout="0" aborted="0" inconclusive="0" passedButRunAborted="0" notRunnable="0" notExecuted="0" disconnected="0" warning="0" completed="0" inProgress="0" pending="0" />
    <Output>
      <StdOut>[xUnit.net 00:00:00.00] xUnit.net VSTest Adapter v2.4.0 (64-bit .NET Core 3.0.0-preview7-27824-03)&#xD;
[xUnit.net 00:00:00.29]   Discovering: test-xunit&#xD;
[xUnit.net 00:00:00.33]   Discovered:  test-xunit&#xD;
[xUnit.net 00:00:00.33]   Starting:    test-xunit&#xD;
[xUnit.net 00:00:00.40]       Assert.True() Failure&#xD;
[xUnit.net 00:00:00.40]       Expected: True&#xD;
[xUnit.net 00:00:00.40]       Actual:   False&#xD;
[xUnit.net 00:00:00.40]       Stack Trace:&#xD;
[xUnit.net 00:00:00.40]         C:\Users\mistucke\projects\test-xunit\UnitTest1.cs(16,0): at tests.UnitTest2.ExpectedFailureTheoryTest(Int32 i)&#xD;
[xUnit.net 00:00:00.40]       Assert.True() Failure&#xD;
[xUnit.net 00:00:00.40]       Expected: True&#xD;
[xUnit.net 00:00:00.40]       Actual:   False&#xD;
[xUnit.net 00:00:00.40]       Stack Trace:&#xD;
[xUnit.net 00:00:00.40]         C:\Users\mistucke\projects\test-xunit\UnitTest1.cs(16,0): at tests.UnitTest2.ExpectedFailureTheoryTest(Int32 i)&#xD;
[xUnit.net 00:00:00.40]   Finished:    test-xunit&#xD;
</StdOut>
    </Output>
    <RunInfos>
      <RunInfo computerName="MININT-IE30562" outcome="Error" timestamp="2019-07-10T08:38:10.3306642-07:00">
        <Text>[xUnit.net 00:00:00.40]     tests.UnitTest2.ExpectedFailureTheoryTest(i: 1) [FAIL]</Text>
      </RunInfo>
      <RunInfo computerName="MININT-IE30562" outcome="Error" timestamp="2019-07-10T08:38:10.3344829-07:00">
        <Text>[xUnit.net 00:00:00.40]     tests.UnitTest2.ExpectedFailureTheoryTest(i: 3) [FAIL]</Text>
      </RunInfo>
    </RunInfos>
  </ResultSummary>
</TestRun>